This file contains any messages produced by compilers while
running configure, to aid debugging if configure makes a mistake.

It was created by interp4cmds-read configure 1.0, which was
generated by GNU Autoconf 2.69.  Invocation command line was

  $ ./configure --prefix=/home/kasia/test

## --------- ##
## Platform. ##
## --------- ##

hostname = kasia-UX510UX
uname -m = x86_64
uname -r = 5.4.0-56-generic
uname -s = Linux
uname -v = #62-Ubuntu SMP Mon Nov 23 19:20:19 UTC 2020

/usr/bin/uname -p = x86_64
/bin/uname -X     = unknown

/bin/arch              = x86_64
/usr/bin/arch -k       = unknown
/usr/convex/getsysinfo = unknown
/usr/bin/hostinfo      = unknown
/bin/machine           = unknown
/usr/bin/oslevel       = unknown
/bin/universe          = unknown

PATH: /opt/ros/noetic/bin
PATH: /home/kasia/.local/bin
PATH: /usr/local/sbin
PATH: /usr/local/bin
PATH: /usr/sbin
PATH: /usr/bin
PATH: /sbin
PATH: /bin
PATH: /usr/games
PATH: /usr/local/games
PATH: /snap/bin


## ----------- ##
## Core tests. ##
## ----------- ##

configure:2311: checking for a BSD-compatible install
configure:2379: result: /usr/bin/install -c
configure:2390: checking whether build environment is sane
configure:2445: result: yes
configure:2594: checking for a thread-safe mkdir -p
configure:2633: result: /usr/bin/mkdir -p
configure:2640: checking for gawk
configure:2670: result: no
configure:2640: checking for mawk
configure:2656: found /usr/bin/mawk
configure:2667: result: mawk
configure:2678: checking whether make sets $(MAKE)
configure:2700: result: yes
configure:2729: checking whether make supports nested variables
configure:2746: result: yes
configure:2876: checking whether make supports the include directive
configure:2891: make -f confmf.GNU && cat confinc.out
this is the am__doit target
configure:2894: $? = 0
configure:2913: result: yes (GNU style)
configure:2983: checking for gcc
configure:2999: found /usr/bin/gcc
configure:3010: result: gcc
configure:3239: checking for C compiler version
configure:3248: gcc --version >&5
gcc (Ubuntu 9.3.0-17ubuntu1~20.04) 9.3.0
Copyright (C) 2019 Free Software Foundation, Inc.
This is free software; see the source for copying conditions.  There is NO
warranty; not even for MERCHANTABILITY or FITNESS FOR A PARTICULAR PURPOSE.

configure:3259: $? = 0
configure:3248: gcc -v >&5
Using built-in specs.
COLLECT_GCC=gcc
COLLECT_LTO_WRAPPER=/usr/lib/gcc/x86_64-linux-gnu/9/lto-wrapper
OFFLOAD_TARGET_NAMES=nvptx-none:hsa
OFFLOAD_TARGET_DEFAULT=1
Target: x86_64-linux-gnu
Configured with: ../src/configure -v --with-pkgversion='Ubuntu 9.3.0-17ubuntu1~20.04' --with-bugurl=file:///usr/share/doc/gcc-9/README.Bugs --enable-languages=c,ada,c++,go,brig,d,fortran,objc,obj-c++,gm2 --prefix=/usr --with-gcc-major-version-only --program-suffix=-9 --program-prefix=x86_64-linux-gnu- --enable-shared --enable-linker-build-id --libexecdir=/usr/lib --without-included-gettext --enable-threads=posix --libdir=/usr/lib --enable-nls --enable-clocale=gnu --enable-libstdcxx-debug --enable-libstdcxx-time=yes --with-default-libstdcxx-abi=new --enable-gnu-unique-object --disable-vtable-verify --enable-plugin --enable-default-pie --with-system-zlib --with-target-system-zlib=auto --enable-objc-gc=auto --enable-multiarch --disable-werror --with-arch-32=i686 --with-abi=m64 --with-multilib-list=m32,m64,mx32 --enable-multilib --with-tune=generic --enable-offload-targets=nvptx-none=/build/gcc-9-HskZEa/gcc-9-9.3.0/debian/tmp-nvptx/usr,hsa --without-cuda-driver --enable-checking=release --build=x86_64-linux-gnu --host=x86_64-linux-gnu --target=x86_64-linux-gnu
Thread model: posix
gcc version 9.3.0 (Ubuntu 9.3.0-17ubuntu1~20.04) 
configure:3259: $? = 0
configure:3248: gcc -V >&5
gcc: error: unrecognized command line option '-V'
gcc: fatal error: no input files
compilation terminated.
configure:3259: $? = 1
configure:3248: gcc -qversion >&5
gcc: error: unrecognized command line option '-qversion'; did you mean '--version'?
gcc: fatal error: no input files
compilation terminated.
configure:3259: $? = 1
configure:3279: checking whether the C compiler works
configure:3301: gcc    conftest.c  >&5
configure:3305: $? = 0
configure:3353: result: yes
configure:3356: checking for C compiler default output file name
configure:3358: result: a.out
configure:3364: checking for suffix of executables
configure:3371: gcc -o conftest    conftest.c  >&5
configure:3375: $? = 0
configure:3397: result: 
configure:3419: checking whether we are cross compiling
configure:3427: gcc -o conftest    conftest.c  >&5
configure:3431: $? = 0
configure:3438: ./conftest
configure:3442: $? = 0
configure:3430: result: no
configure:3435: checking for suffix of object files
configure:3457: gcc -c   conftest.c >&5
configure:3461: $? = 0
configure:3482: result: o
configure:3486: checking whether we are using the GNU C compiler
configure:3505: gcc -c   conftest.c >&5
configure:3505: $? = 0
configure:3514: result: yes
configure:3523: checking whether gcc accepts -g
configure:3543: gcc -c -g  conftest.c >&5
configure:3543: $? = 0
configure:3584: result: yes
configure:3601: checking for gcc option to accept ISO C89
configure:3664: gcc  -c -g -O2  conftest.c >&5
configure:3664: $? = 0
configure:3677: result: none needed
configure:3702: checking whether gcc understands -c and -o together
configure:3724: gcc -c conftest.c -o conftest2.o
configure:3727: $? = 0
configure:3724: gcc -c conftest.c -o conftest2.o
configure:3727: $? = 0
configure:3739: result: yes
configure:3758: checking dependency style of gcc
configure:3869: result: gcc3
configure:3934: checking for ar
configure:3950: found /usr/bin/ar
configure:3961: result: ar
configure:3987: checking the archiver (ar) interface
configure:4003: gcc -c -g -O2  conftest.c >&5
configure:4003: $? = 0
configure:4005: ar cru libconftest.a conftest.o >&5
ar: `u' modifier ignored since `D' is the default (see `U')
configure:4008: $? = 0
configure:4007: result: ar
configure:4056: checking build system type
configure:4070: result: x86_64-pc-linux-gnu
configure:4090: checking host system type
configure:4103: result: x86_64-pc-linux-gnu
configure:4144: checking how to print strings
configure:4171: result: printf
configure:4192: checking for a sed that does not truncate output
configure:4256: result: /usr/bin/sed
configure:4274: checking for grep that handles long lines and -e
configure:4332: result: /usr/bin/grep
configure:4337: checking for egrep
configure:4399: result: /usr/bin/grep -E
configure:4404: checking for fgrep
configure:4466: result: /usr/bin/grep -F
configure:4501: checking for ld used by gcc
configure:4568: result: /usr/bin/ld
configure:4575: checking if the linker (/usr/bin/ld) is GNU ld
configure:4590: result: yes
configure:4602: checking for BSD- or MS-compatible name lister (nm)
configure:4656: result: /usr/bin/nm -B
configure:4786: checking the name lister (/usr/bin/nm -B) interface
configure:4793: gcc -c -g -O2  conftest.c >&5
configure:4796: /usr/bin/nm -B "conftest.o"
configure:4799: output
0000000000000000 B some_variable
configure:4800: result: BSD nm
configure:4803: checking whether ln -s works
configure:4807: result: yes
configure:4815: checking the maximum length of command line arguments
configure:4946: result: 1572864
configure:4994: checking how to convert x86_64-pc-linux-gnu file names to x86_64-pc-linux-gnu format
configure:5034: result: func_convert_file_noop
configure:5041: checking how to convert x86_64-pc-linux-gnu file names to toolchain format
configure:5061: result: func_convert_file_noop
configure:5068: checking for /usr/bin/ld option to reload object files
configure:5075: result: -r
configure:5149: checking for objdump
configure:5165: found /usr/bin/objdump
configure:5176: result: objdump
configure:5208: checking how to recognize dependent libraries
configure:5408: result: pass_all
configure:5493: checking for dlltool
configure:5523: result: no
configure:5553: checking how to associate runtime and link libraries
configure:5580: result: printf %s\n
configure:5704: checking for archiver @FILE support
configure:5721: gcc -c -g -O2  conftest.c >&5
configure:5721: $? = 0
configure:5724: ar cr libconftest.a @conftest.lst >&5
configure:5727: $? = 0
configure:5732: ar cr libconftest.a @conftest.lst >&5
ar: conftest.o: No such file or directory
configure:5735: $? = 1
configure:5734: result: @
configure:5792: checking for strip
configure:5808: found /usr/bin/strip
configure:5819: result: strip
configure:5891: checking for ranlib
configure:5907: found /usr/bin/ranlib
configure:5918: result: ranlib
configure:6020: checking command to parse /usr/bin/nm -B output from gcc object
configure:6173: gcc -c -g -O2  conftest.c >&5
configure:6176: $? = 0
configure:6180: /usr/bin/nm -B conftest.o | sed -n -e 's/^.*[	 ]\([ABCDGIRSTW][ABCDGIRSTW]*\)[	 ][	 ]*\([_A-Za-z][_A-Za-z0-9]*\)$/\1 \2 \2/p' | sed '/ __gnu_lto/d' > conftest.nm
configure:6246: gcc -o conftest -g -O2   conftest.c conftstm.o >&5
configure:6249: $? = 0
configure:6287: result: ok
configure:6334: checking for sysroot
configure:6364: result: no
configure:6371: checking for a working dd
configure:6409: result: /usr/bin/dd
configure:6413: checking how to truncate binary pipes
configure:6428: result: /usr/bin/dd bs=4096 count=1
configure:6564: gcc -c -g -O2  conftest.c >&5
configure:6567: $? = 0
configure:6757: checking for mt
configure:6773: found /usr/bin/mt
configure:6784: result: mt
configure:6807: checking if mt is a manifest tool
configure:6813: mt '-?'
configure:6821: result: no
configure:7498: checking how to run the C preprocessor
configure:7529: gcc -E  conftest.c
configure:7529: $? = 0
configure:7543: gcc -E  conftest.c
conftest.c:11:10: fatal error: ac_nonexistent.h: No such file or directory
   11 | #include <ac_nonexistent.h>
      |          ^~~~~~~~~~~~~~~~~~
compilation terminated.
configure:7543: $? = 1
configure: failed program was:
| /* confdefs.h */
| #define PACKAGE_NAME "interp4cmds-read"
| #define PACKAGE_TARNAME "interp4cmds-read"
| #define PACKAGE_VERSION "1.0"
| #define PACKAGE_STRING "interp4cmds-read 1.0"
| #define PACKAGE_BUGREPORT "242527@student.pwr.edu.pl"
| #define PACKAGE_URL ""
| #define PACKAGE "interp4cmds-read"
| #define VERSION "1.0"
| /* end confdefs.h.  */
| #include <ac_nonexistent.h>
configure:7568: result: gcc -E
configure:7588: gcc -E  conftest.c
configure:7588: $? = 0
configure:7602: gcc -E  conftest.c
conftest.c:11:10: fatal error: ac_nonexistent.h: No such file or directory
   11 | #include <ac_nonexistent.h>
      |          ^~~~~~~~~~~~~~~~~~
compilation terminated.
configure:7602: $? = 1
configure: failed program was:
| /* confdefs.h */
| #define PACKAGE_NAME "interp4cmds-read"
| #define PACKAGE_TARNAME "interp4cmds-read"
| #define PACKAGE_VERSION "1.0"
| #define PACKAGE_STRING "interp4cmds-read 1.0"
| #define PACKAGE_BUGREPORT "242527@student.pwr.edu.pl"
| #define PACKAGE_URL ""
| #define PACKAGE "interp4cmds-read"
| #define VERSION "1.0"
| /* end confdefs.h.  */
| #include <ac_nonexistent.h>
configure:7631: checking for ANSI C header files
configure:7651: gcc -c -g -O2  conftest.c >&5
configure:7651: $? = 0
configure:7724: gcc -o conftest -g -O2   conftest.c  >&5
configure:7724: $? = 0
configure:7724: ./conftest
configure:7724: $? = 0
configure:7735: result: yes
configure:7748: checking for sys/types.h
configure:7748: gcc -c -g -O2  conftest.c >&5
configure:7748: $? = 0
configure:7748: result: yes
configure:7748: checking for sys/stat.h
configure:7748: gcc -c -g -O2  conftest.c >&5
configure:7748: $? = 0
configure:7748: result: yes
configure:7748: checking for stdlib.h
configure:7748: gcc -c -g -O2  conftest.c >&5
configure:7748: $? = 0
configure:7748: result: yes
configure:7748: checking for string.h
configure:7748: gcc -c -g -O2  conftest.c >&5
configure:7748: $? = 0
configure:7748: result: yes
configure:7748: checking for memory.h
configure:7748: gcc -c -g -O2  conftest.c >&5
configure:7748: $? = 0
configure:7748: result: yes
configure:7748: checking for strings.h
configure:7748: gcc -c -g -O2  conftest.c >&5
configure:7748: $? = 0
configure:7748: result: yes
configure:7748: checking for inttypes.h
configure:7748: gcc -c -g -O2  conftest.c >&5
configure:7748: $? = 0
configure:7748: result: yes
configure:7748: checking for stdint.h
configure:7748: gcc -c -g -O2  conftest.c >&5
configure:7748: $? = 0
configure:7748: result: yes
configure:7748: checking for unistd.h
configure:7748: gcc -c -g -O2  conftest.c >&5
configure:7748: $? = 0
configure:7748: result: yes
configure:7762: checking for dlfcn.h
configure:7762: gcc -c -g -O2  conftest.c >&5
configure:7762: $? = 0
configure:7762: result: yes
configure:8018: checking for objdir
configure:8033: result: .libs
configure:8297: checking if gcc supports -fno-rtti -fno-exceptions
configure:8315: gcc -c -g -O2  -fno-rtti -fno-exceptions conftest.c >&5
cc1: warning: command line option '-fno-rtti' is valid for C++/D/ObjC++ but not for C
configure:8319: $? = 0
configure:8332: result: no
configure:8696: checking for gcc option to produce PIC
configure:8703: result: -fPIC -DPIC
configure:8711: checking if gcc PIC flag -fPIC -DPIC works
configure:8729: gcc -c -g -O2  -fPIC -DPIC -DPIC conftest.c >&5
configure:8733: $? = 0
configure:8746: result: yes
configure:8775: checking if gcc static flag -static works
configure:8803: result: yes
configure:8818: checking if gcc supports -c -o file.o
configure:8839: gcc -c -g -O2  -o out/conftest2.o conftest.c >&5
configure:8843: $? = 0
configure:8865: result: yes
configure:8873: checking if gcc supports -c -o file.o
configure:8920: result: yes
configure:8953: checking whether the gcc linker (/usr/bin/ld -m elf_x86_64) supports shared libraries
configure:10216: result: yes
configure:10253: checking whether -lc should be explicitly linked in
configure:10261: gcc -c -g -O2  conftest.c >&5
configure:10264: $? = 0
configure:10279: gcc -shared  -fPIC -DPIC conftest.o  -v -Wl,-soname -Wl,conftest -o conftest 2\>\&1 \| /usr/bin/grep  -lc  \>/dev/null 2\>\&1
configure:10282: $? = 0
configure:10296: result: no
configure:10456: checking dynamic linker characteristics
configure:11037: gcc -o conftest -g -O2   -Wl,-rpath -Wl,/foo conftest.c  >&5
configure:11037: $? = 0
configure:11286: result: GNU/Linux ld.so
configure:11408: checking how to hardcode library paths into programs
configure:11433: result: immediate
configure:11981: checking whether stripping libraries is possible
configure:11986: result: yes
configure:12021: checking if libtool supports shared libraries
configure:12023: result: yes
configure:12026: checking whether to build shared libraries
configure:12051: result: yes
configure:12054: checking whether to build static libraries
configure:12058: result: yes
configure:8935: checking for g++
configure:8951: found /usr/bin/g++
configure:8962: result: g++
configure:8989: checking for C++ compiler version
configure:8998: g++ --version >&5
g++ (Ubuntu 9.3.0-17ubuntu1~20.04) 9.3.0
Copyright (C) 2019 Free Software Foundation, Inc.
This is free software; see the source for copying conditions.  There is NO
warranty; not even for MERCHANTABILITY or FITNESS FOR A PARTICULAR PURPOSE.

configure:9009: $? = 0
configure:8998: g++ -v >&5
Using built-in specs.
COLLECT_GCC=g++
COLLECT_LTO_WRAPPER=/usr/lib/gcc/x86_64-linux-gnu/9/lto-wrapper
OFFLOAD_TARGET_NAMES=nvptx-none:hsa
OFFLOAD_TARGET_DEFAULT=1
Target: x86_64-linux-gnu
Configured with: ../src/configure -v --with-pkgversion='Ubuntu 9.3.0-17ubuntu1~20.04' --with-bugurl=file:///usr/share/doc/gcc-9/README.Bugs --enable-languages=c,ada,c++,go,brig,d,fortran,objc,obj-c++,gm2 --prefix=/usr --with-gcc-major-version-only --program-suffix=-9 --program-prefix=x86_64-linux-gnu- --enable-shared --enable-linker-build-id --libexecdir=/usr/lib --without-included-gettext --enable-threads=posix --libdir=/usr/lib --enable-nls --enable-clocale=gnu --enable-libstdcxx-debug --enable-libstdcxx-time=yes --with-default-libstdcxx-abi=new --enable-gnu-unique-object --disable-vtable-verify --enable-plugin --enable-default-pie --with-system-zlib --with-target-system-zlib=auto --enable-objc-gc=auto --enable-multiarch --disable-werror --with-arch-32=i686 --with-abi=m64 --with-multilib-list=m32,m64,mx32 --enable-multilib --with-tune=generic --enable-offload-targets=nvptx-none=/build/gcc-9-HskZEa/gcc-9-9.3.0/debian/tmp-nvptx/usr,hsa --without-cuda-driver --enable-checking=release --build=x86_64-linux-gnu --host=x86_64-linux-gnu --target=x86_64-linux-gnu
Thread model: posix
gcc version 9.3.0 (Ubuntu 9.3.0-17ubuntu1~20.04) 
configure:9009: $? = 0
configure:8998: g++ -V >&5
g++: error: unrecognized command line option '-V'
g++: fatal error: no input files
compilation terminated.
configure:9009: $? = 1
configure:8998: g++ -qversion >&5
g++: error: unrecognized command line option '-qversion'; did you mean '--version'?
g++: fatal error: no input files
compilation terminated.
configure:9009: $? = 1
configure:9013: checking whether we are using the GNU C++ compiler
configure:9032: g++ -c   conftest.cpp >&5
configure:9032: $? = 0
configure:9041: result: yes
configure:9050: checking whether g++ accepts -g
configure:9070: g++ -c -g  conftest.cpp >&5
configure:9070: $? = 0
configure:9111: result: yes
configure:9136: checking dependency style of g++
configure:9247: result: gcc3
configure:9280: checking how to run the C++ preprocessor
configure:9307: g++ -E  conftest.cpp
configure:9307: $? = 0
configure:9321: g++ -E  conftest.cpp
conftest.cpp:23:10: fatal error: ac_nonexistent.h: No such file or directory
   23 | #include <ac_nonexistent.h>
      |          ^~~~~~~~~~~~~~~~~~
compilation terminated.
configure:9321: $? = 1
configure: failed program was:
| /* confdefs.h */
| #define PACKAGE_NAME "interp4cmds-read"
| #define PACKAGE_TARNAME "interp4cmds-read"
| #define PACKAGE_VERSION "1.0"
| #define PACKAGE_STRING "interp4cmds-read 1.0"
| #define PACKAGE_BUGREPORT "242527@student.pwr.edu.pl"
| #define PACKAGE_URL ""
| #define PACKAGE "interp4cmds-read"
| #define VERSION "1.0"
| #define STDC_HEADERS 1
| #define HAVE_SYS_TYPES_H 1
| #define HAVE_SYS_STAT_H 1
| #define HAVE_STDLIB_H 1
| #define HAVE_STRING_H 1
| #define HAVE_MEMORY_H 1
| #define HAVE_STRINGS_H 1
| #define HAVE_INTTYPES_H 1
| #define HAVE_STDINT_H 1
| #define HAVE_UNISTD_H 1
| #define HAVE_DLFCN_H 1
| #define LT_OBJDIR ".libs/"
| /* end confdefs.h.  */
| #include <ac_nonexistent.h>
configure:9346: result: g++ -E
configure:9366: g++ -E  conftest.cpp
configure:9366: $? = 0
configure:9380: g++ -E  conftest.cpp
conftest.cpp:23:10: fatal error: ac_nonexistent.h: No such file or directory
   23 | #include <ac_nonexistent.h>
      |          ^~~~~~~~~~~~~~~~~~
compilation terminated.
configure:9380: $? = 1
configure: failed program was:
| /* confdefs.h */
| #define PACKAGE_NAME "interp4cmds-read"
| #define PACKAGE_TARNAME "interp4cmds-read"
| #define PACKAGE_VERSION "1.0"
| #define PACKAGE_STRING "interp4cmds-read 1.0"
| #define PACKAGE_BUGREPORT "242527@student.pwr.edu.pl"
| #define PACKAGE_URL ""
| #define PACKAGE "interp4cmds-read"
| #define VERSION "1.0"
| #define STDC_HEADERS 1
| #define HAVE_SYS_TYPES_H 1
| #define HAVE_SYS_STAT_H 1
| #define HAVE_STDLIB_H 1
| #define HAVE_STRING_H 1
| #define HAVE_MEMORY_H 1
| #define HAVE_STRINGS_H 1
| #define HAVE_INTTYPES_H 1
| #define HAVE_STDINT_H 1
| #define HAVE_UNISTD_H 1
| #define HAVE_DLFCN_H 1
| #define LT_OBJDIR ".libs/"
| /* end confdefs.h.  */
| #include <ac_nonexistent.h>
configure:9542: checking for ld used by g++
configure:9609: result: /usr/bin/ld -m elf_x86_64
configure:9616: checking if the linker (/usr/bin/ld -m elf_x86_64) is GNU ld
configure:9631: result: yes
configure:9686: checking whether the g++ linker (/usr/bin/ld -m elf_x86_64) supports shared libraries
configure:10759: result: yes
configure:10795: g++ -c -g -O2  conftest.cpp >&5
configure:10798: $? = 0
configure:11279: checking for g++ option to produce PIC
configure:11286: result: -fPIC -DPIC
configure:11294: checking if g++ PIC flag -fPIC -DPIC works
configure:11312: g++ -c -g -O2  -fPIC -DPIC -DPIC conftest.cpp >&5
configure:11316: $? = 0
configure:11329: result: yes
configure:11352: checking if g++ static flag -static works
configure:11380: result: yes
configure:11392: checking if g++ supports -c -o file.o
configure:11413: g++ -c -g -O2  -o out/conftest2.o conftest.cpp >&5
configure:11417: $? = 0
configure:11439: result: yes
configure:11444: checking if g++ supports -c -o file.o
configure:11491: result: yes
configure:11521: checking whether the g++ linker (/usr/bin/ld -m elf_x86_64) supports shared libraries
configure:11564: result: yes
configure:11705: checking dynamic linker characteristics
configure:12462: result: GNU/Linux ld.so
configure:12527: checking how to hardcode library paths into programs
configure:12552: result: immediate
configure:11435: checking for _init in -lxerces-c
configure:11460: g++ -o conftest -g -O2   conftest.cpp -lxerces-c   >&5
configure:11460: $? = 0
configure:11469: result: yes
configure:11482: checking for _init in -lpthread
configure:11507: g++ -o conftest -g -O2   conftest.cpp -lpthread  -lxerces-c  >&5
configure:11507: $? = 0
configure:11516: result: yes
configure:11533: checking for library containing dlopen
configure:11564: g++ -o conftest -g -O2   conftest.cpp -lpthread -lxerces-c  >&5
/usr/bin/ld: /tmp/cc6SuukL.o: in function `main':
/home/kasia/Dokumenty/ZMP/instalacja/interp4cmds-read-1.0/conftest.cpp:36: undefined reference to `dlopen'
collect2: error: ld returned 1 exit status
configure:11564: $? = 1
configure: failed program was:
| /* confdefs.h */
| #define PACKAGE_NAME "interp4cmds-read"
| #define PACKAGE_TARNAME "interp4cmds-read"
| #define PACKAGE_VERSION "1.0"
| #define PACKAGE_STRING "interp4cmds-read 1.0"
| #define PACKAGE_BUGREPORT "242527@student.pwr.edu.pl"
| #define PACKAGE_URL ""
| #define PACKAGE "interp4cmds-read"
| #define VERSION "1.0"
| #define STDC_HEADERS 1
| #define HAVE_SYS_TYPES_H 1
| #define HAVE_SYS_STAT_H 1
| #define HAVE_STDLIB_H 1
| #define HAVE_STRING_H 1
| #define HAVE_MEMORY_H 1
| #define HAVE_STRINGS_H 1
| #define HAVE_INTTYPES_H 1
| #define HAVE_STDINT_H 1
| #define HAVE_UNISTD_H 1
| #define HAVE_DLFCN_H 1
| #define LT_OBJDIR ".libs/"
| #define HAVE_LIBXERCES_C 1
| #define HAVE_LIBPTHREAD 1
| /* end confdefs.h.  */
| 
| /* Override any GCC internal prototype to avoid an error.
|    Use char because int might match the return type of a GCC
|    builtin and then its argument prototype would still apply.  */
| #ifdef __cplusplus
| extern "C"
| #endif
| char dlopen ();
| int
| main ()
| {
| return dlopen ();
|   ;
|   return 0;
| }
configure:11564: g++ -o conftest -g -O2   conftest.cpp -ldl  -lpthread -lxerces-c  >&5
configure:11564: $? = 0
configure:11581: result: -ldl
configure:11700: checking that generated files are newer than configure
configure:11706: result: done
configure:11733: creating ./config.status

## ---------------------- ##
## Running config.status. ##
## ---------------------- ##

This file was extended by interp4cmds-read config.status 1.0, which was
generated by GNU Autoconf 2.69.  Invocation command line was

  CONFIG_FILES    = 
  CONFIG_HEADERS  = 
  CONFIG_LINKS    = 
  CONFIG_COMMANDS = 
  $ ./config.status 

on kasia-UX510UX

config.status:1149: creating Makefile
config.status:1149: creating src/Makefile
config.status:1149: creating inc/Makefile
config.status:1149: creating src-lib/Makefile
config.status:1149: creating config.h
config.status:1378: executing depfiles commands
config.status:1455: cd src       && sed -e '/# am--include-marker/d' Makefile         | make -f - am--depfiles
config.status:1460: $? = 0
config.status:1455: cd src-lib       && sed -e '/# am--include-marker/d' Makefile         | make -f - am--depfiles
config.status:1460: $? = 0
config.status:1378: executing libtool commands

## ---------------- ##
## Cache variables. ##
## ---------------- ##

ac_cv_build=x86_64-pc-linux-gnu
ac_cv_c_compiler_gnu=yes
ac_cv_cxx_compiler_gnu=yes
ac_cv_env_CCC_set=
ac_cv_env_CCC_value=
ac_cv_env_CC_set=
ac_cv_env_CC_value=
ac_cv_env_CFLAGS_set=
ac_cv_env_CFLAGS_value=
ac_cv_env_CPPFLAGS_set=
ac_cv_env_CPPFLAGS_value=
ac_cv_env_CPP_set=
ac_cv_env_CPP_value=
ac_cv_env_CXXCPP_set=
ac_cv_env_CXXCPP_value=
ac_cv_env_CXXFLAGS_set=
ac_cv_env_CXXFLAGS_value=
ac_cv_env_CXX_set=
ac_cv_env_CXX_value=
ac_cv_env_LDFLAGS_set=
ac_cv_env_LDFLAGS_value=
ac_cv_env_LIBS_set=
ac_cv_env_LIBS_value=
ac_cv_env_LT_SYS_LIBRARY_PATH_set=
ac_cv_env_LT_SYS_LIBRARY_PATH_value=
ac_cv_env_build_alias_set=
ac_cv_env_build_alias_value=
ac_cv_env_host_alias_set=
ac_cv_env_host_alias_value=
ac_cv_env_target_alias_set=
ac_cv_env_target_alias_value=
ac_cv_header_dlfcn_h=yes
ac_cv_header_inttypes_h=yes
ac_cv_header_memory_h=yes
ac_cv_header_stdc=yes
ac_cv_header_stdint_h=yes
ac_cv_header_stdlib_h=yes
ac_cv_header_string_h=yes
ac_cv_header_strings_h=yes
ac_cv_header_sys_stat_h=yes
ac_cv_header_sys_types_h=yes
ac_cv_header_unistd_h=yes
ac_cv_host=x86_64-pc-linux-gnu
ac_cv_lib_pthread__init=yes
ac_cv_lib_xerces_c__init=yes
ac_cv_objext=o
ac_cv_path_EGREP='/usr/bin/grep -E'
ac_cv_path_FGREP='/usr/bin/grep -F'
ac_cv_path_GREP=/usr/bin/grep
ac_cv_path_SED=/usr/bin/sed
ac_cv_path_install='/usr/bin/install -c'
ac_cv_path_lt_DD=/usr/bin/dd
ac_cv_path_mkdir=/usr/bin/mkdir
ac_cv_prog_AWK=mawk
ac_cv_prog_CPP='gcc -E'
ac_cv_prog_CXXCPP='g++ -E'
ac_cv_prog_ac_ct_AR=ar
ac_cv_prog_ac_ct_CC=gcc
ac_cv_prog_ac_ct_CXX=g++
ac_cv_prog_ac_ct_MANIFEST_TOOL=mt
ac_cv_prog_ac_ct_OBJDUMP=objdump
ac_cv_prog_ac_ct_RANLIB=ranlib
ac_cv_prog_ac_ct_STRIP=strip
ac_cv_prog_cc_c89=
ac_cv_prog_cc_g=yes
ac_cv_prog_cxx_g=yes
ac_cv_prog_make_make_set=yes
ac_cv_search_dlopen=-ldl
am_cv_CC_dependencies_compiler_type=gcc3
am_cv_CXX_dependencies_compiler_type=gcc3
am_cv_ar_interface=ar
am_cv_make_support_nested_variables=yes
am_cv_prog_cc_c_o=yes
lt_cv_ar_at_file=@
lt_cv_archive_cmds_need_lc=no
lt_cv_deplibs_check_method=pass_all
lt_cv_file_magic_cmd='$MAGIC_CMD'
lt_cv_file_magic_test_file=
lt_cv_ld_reload_flag=-r
lt_cv_nm_interface='BSD nm'
lt_cv_objdir=.libs
lt_cv_path_LD=/usr/bin/ld
lt_cv_path_LDCXX='/usr/bin/ld -m elf_x86_64'
lt_cv_path_NM='/usr/bin/nm -B'
lt_cv_path_mainfest_tool=no
lt_cv_prog_compiler_c_o=yes
lt_cv_prog_compiler_c_o_CXX=yes
lt_cv_prog_compiler_pic='-fPIC -DPIC'
lt_cv_prog_compiler_pic_CXX='-fPIC -DPIC'
lt_cv_prog_compiler_pic_works=yes
lt_cv_prog_compiler_pic_works_CXX=yes
lt_cv_prog_compiler_rtti_exceptions=no
lt_cv_prog_compiler_static_works=yes
lt_cv_prog_compiler_static_works_CXX=yes
lt_cv_prog_gnu_ld=yes
lt_cv_prog_gnu_ldcxx=yes
lt_cv_sharedlib_from_linklib_cmd='printf %s\n'
lt_cv_shlibpath_overrides_runpath=yes
lt_cv_sys_global_symbol_pipe='sed -n -e '\''s/^.*[	 ]\([ABCDGIRSTW][ABCDGIRSTW]*\)[	 ][	 ]*\([_A-Za-z][_A-Za-z0-9]*\)$/\1 \2 \2/p'\'' | sed '\''/ __gnu_lto/d'\'''
lt_cv_sys_global_symbol_to_c_name_address='sed -n -e '\''s/^: \(.*\) .*$/  {"\1", (void *) 0},/p'\'' -e '\''s/^[ABCDGIRSTW][ABCDGIRSTW]* .* \(.*\)$/  {"\1", (void *) \&\1},/p'\'''
lt_cv_sys_global_symbol_to_c_name_address_lib_prefix='sed -n -e '\''s/^: \(.*\) .*$/  {"\1", (void *) 0},/p'\'' -e '\''s/^[ABCDGIRSTW][ABCDGIRSTW]* .* \(lib.*\)$/  {"\1", (void *) \&\1},/p'\'' -e '\''s/^[ABCDGIRSTW][ABCDGIRSTW]* .* \(.*\)$/  {"lib\1", (void *) \&\1},/p'\'''
lt_cv_sys_global_symbol_to_cdecl='sed -n -e '\''s/^T .* \(.*\)$/extern int \1();/p'\'' -e '\''s/^[ABCDGIRSTW][ABCDGIRSTW]* .* \(.*\)$/extern char \1;/p'\'''
lt_cv_sys_global_symbol_to_import=
lt_cv_sys_max_cmd_len=1572864
lt_cv_to_host_file_cmd=func_convert_file_noop
lt_cv_to_tool_file_cmd=func_convert_file_noop
lt_cv_truncate_bin='/usr/bin/dd bs=4096 count=1'

## ----------------- ##
## Output variables. ##
## ----------------- ##

ACLOCAL='${SHELL} /home/kasia/Dokumenty/ZMP/instalacja/interp4cmds-read-1.0/missing aclocal-1.16'
AMDEPBACKSLASH='\'
AMDEP_FALSE='#'
AMDEP_TRUE=''
AMTAR='$${TAR-tar}'
AM_BACKSLASH='\'
AM_DEFAULT_V='$(AM_DEFAULT_VERBOSITY)'
AM_DEFAULT_VERBOSITY='1'
AM_V='$(V)'
AR='ar'
AUTOCONF='${SHELL} /home/kasia/Dokumenty/ZMP/instalacja/interp4cmds-read-1.0/missing autoconf'
AUTOHEADER='${SHELL} /home/kasia/Dokumenty/ZMP/instalacja/interp4cmds-read-1.0/missing autoheader'
AUTOMAKE='${SHELL} /home/kasia/Dokumenty/ZMP/instalacja/interp4cmds-read-1.0/missing automake-1.16'
AWK='mawk'
CC='gcc'
CCDEPMODE='depmode=gcc3'
CFLAGS='-g -O2'
CPP='gcc -E'
CPPFLAGS=''
CXX='g++'
CXXCPP='g++ -E'
CXXDEPMODE='depmode=gcc3'
CXXFLAGS='-g -O2'
CYGPATH_W='echo'
DEFS='-DHAVE_CONFIG_H'
DEPDIR='.deps'
DLLTOOL='false'
DSYMUTIL=''
DUMPBIN=''
ECHO_C=''
ECHO_N='-n'
ECHO_T=''
EGREP='/usr/bin/grep -E'
EXEEXT=''
FGREP='/usr/bin/grep -F'
GREP='/usr/bin/grep'
INSTALL_DATA='${INSTALL} -m 644'
INSTALL_PROGRAM='${INSTALL}'
INSTALL_SCRIPT='${INSTALL}'
INSTALL_STRIP_PROGRAM='$(install_sh) -c -s'
LD='/usr/bin/ld -m elf_x86_64'
LDFLAGS=''
LIBOBJS=''
LIBS='-lpthread -lxerces-c '
LIBTOOL='$(SHELL) $(top_builddir)/libtool'
LIB_DLOPEN='-ldl'
LIPO=''
LN_S='ln -s'
LTLIBOBJS=''
LT_SYS_LIBRARY_PATH=''
MAKEINFO='${SHELL} /home/kasia/Dokumenty/ZMP/instalacja/interp4cmds-read-1.0/missing makeinfo'
MANIFEST_TOOL=':'
MKDIR_P='/usr/bin/mkdir -p'
NM='/usr/bin/nm -B'
NMEDIT=''
OBJDUMP='objdump'
OBJEXT='o'
OTOOL64=''
OTOOL=''
PACKAGE='interp4cmds-read'
PACKAGE_BUGREPORT='242527@student.pwr.edu.pl'
PACKAGE_NAME='interp4cmds-read'
PACKAGE_STRING='interp4cmds-read 1.0'
PACKAGE_TARNAME='interp4cmds-read'
PACKAGE_URL=''
PACKAGE_VERSION='1.0'
PATH_SEPARATOR=':'
RANLIB='ranlib'
SED='/usr/bin/sed'
SET_MAKE=''
SHELL='/bin/bash'
STRIP='strip'
VERSION='1.0'
ac_ct_AR='ar'
ac_ct_CC='gcc'
ac_ct_CXX='g++'
ac_ct_DUMPBIN=''
am__EXEEXT_FALSE=''
am__EXEEXT_TRUE='#'
am__fastdepCC_FALSE='#'
am__fastdepCC_TRUE=''
am__fastdepCXX_FALSE='#'
am__fastdepCXX_TRUE=''
am__include='include'
am__isrc=''
am__leading_dot='.'
am__nodep='_no'
am__quote=''
am__tar='$${TAR-tar} chof - "$$tardir"'
am__untar='$${TAR-tar} xf -'
bindir='${exec_prefix}/bin'
build='x86_64-pc-linux-gnu'
build_alias=''
build_cpu='x86_64'
build_os='linux-gnu'
build_vendor='pc'
datadir='${datarootdir}'
datarootdir='${prefix}/share'
docdir='${datarootdir}/doc/${PACKAGE_TARNAME}'
dvidir='${docdir}'
exec_prefix='${prefix}'
host='x86_64-pc-linux-gnu'
host_alias=''
host_cpu='x86_64'
host_os='linux-gnu'
host_vendor='pc'
htmldir='${docdir}'
includedir='${prefix}/include'
infodir='${datarootdir}/info'
install_sh='${SHELL} /home/kasia/Dokumenty/ZMP/instalacja/interp4cmds-read-1.0/install-sh'
libdir='${exec_prefix}/lib'
libexecdir='${exec_prefix}/libexec'
localedir='${datarootdir}/locale'
localstatedir='${prefix}/var'
mandir='${datarootdir}/man'
mkdir_p='$(MKDIR_P)'
oldincludedir='/usr/include'
pdfdir='${docdir}'
prefix='/home/kasia/test'
program_transform_name='s,x,x,'
psdir='${docdir}'
runstatedir='${localstatedir}/run'
sbindir='${exec_prefix}/sbin'
sharedstatedir='${prefix}/com'
sysconfdir='${prefix}/etc'
target_alias=''

## ----------- ##
## confdefs.h. ##
## ----------- ##

/* confdefs.h */
#define PACKAGE_NAME "interp4cmds-read"
#define PACKAGE_TARNAME "interp4cmds-read"
#define PACKAGE_VERSION "1.0"
#define PACKAGE_STRING "interp4cmds-read 1.0"
#define PACKAGE_BUGREPORT "242527@student.pwr.edu.pl"
#define PACKAGE_URL ""
#define PACKAGE "interp4cmds-read"
#define VERSION "1.0"
#define STDC_HEADERS 1
#define HAVE_SYS_TYPES_H 1
#define HAVE_SYS_STAT_H 1
#define HAVE_STDLIB_H 1
#define HAVE_STRING_H 1
#define HAVE_MEMORY_H 1
#define HAVE_STRINGS_H 1
#define HAVE_INTTYPES_H 1
#define HAVE_STDINT_H 1
#define HAVE_UNISTD_H 1
#define HAVE_DLFCN_H 1
#define LT_OBJDIR ".libs/"
#define HAVE_LIBXERCES_C 1
#define HAVE_LIBPTHREAD 1

configure: exit 0
